<?xml version="1.0" encoding="UTF-8"?>
<testsuite name="tester.DemoTest" tests="1" skipped="0" failures="0" errors="0" timestamp="2016-05-19T11:39:20" hostname="DIN51002053" time="0.004">
  <properties/>
  <testcase name="test" classname="tester.DemoTest" time="0.004"/>
  <system-out><![CDATA[]]></system-out>
  <system-err><![CDATA[]]></system-err>
</testsuite>
